[www.escoladireta.com.br/index.html]
[backblue.gif]
[fade.gif]
[index.html]
[www.escoladireta.com.br/wp-content/themes/escoladireta/assets/css/libs/materialize.min.css]
[maxcdn.bootstrapcdn.com/font-awesome/4.5.0/css/font-awesome.min.css]
[www.escoladireta.com.br/wp-content/themes/escoladireta/assets/css/libs/material-icons.min.css]
[www.escoladireta.com.br/wp-content/themes/escoladireta/assets/css/style.min3fb0.css]
[www.escoladireta.com.br/wp-content/themes/escoladireta/assets/js/libs/jquery.tubular.min.js]
[www.escoladireta.com.br/wp-content/themes/escoladireta/assets/js/libs/jquery.mask.min.js]
[www.escoladireta.com.br/xmlrpc0db0.php]
[www.escoladireta.com.br/wp-content/themes/escoladireta/assets/js/libs/jquery-2.1.1.min.js]
[www.escoladireta.com.br/page/2/index.html]
[www.escoladireta.com.br/wp-includes/wlwmanifest.xml]
[www.escoladireta.com.br/wp-json/index.html]
[www.escoladireta.com.br/wp-content/uploads/2016/11/cropped-favicon-32x32.png]
[cdnjs.cloudflare.com/ajax/libs/materialize/0.97.8/js/materialize.min.js]
[www.escoladireta.com.br/wp-content/uploads/2016/11/cropped-favicon-192x192.png]
[www.escoladireta.com.br/wp-content/uploads/2016/11/cropped-favicon-180x180.png]
[www.escoladireta.com.br/wp-content/themes/escoladireta/assets/videos/embarque-final.mp4]
[www.escoladireta.com.br/wp-content/themes/escoladireta/assets/videos/embarque-final.gif]
[www.escoladireta.com.br/wp-content/themes/escoladireta/assets/img/appstore.png]
[www.escoladireta.com.br/wp-content/themes/escoladireta/assets/img/googleplay.png]
[www.escoladireta.com.br/evento.12.delayed]
[www.escoladireta.com.br/mensagens]
[www.escoladireta.com.br/noticias]
[www.escoladireta.com.br/ocorrencias]
[www.escoladireta.com.br/licao-de-casa]
[www.escoladireta.com.br/boletim-escolar]
[www.escoladireta.com.br/material-escolar]
[www.escoladireta.com.br/mural-de-fotos]
[www.escoladireta.com.br/embarque-facil]
[www.escoladireta.com.br/catraca-eletronica-para-escolas-seguranca-para-alunos-e-docentes-confianca-para-os-pais/index.html]
[www.escoladireta.com.br/mensalidade.1c.delayed]
[www.escoladireta.com.br/acompanhamento-online]
[www.escoladireta.com.br/wp-content/themes/escoladireta/assets/img/screen-evento.png]
[www.escoladireta.com.br/wp-content/themes/escoladireta/assets/img/screen-licao-de-casa.png]
[www.escoladireta.com.br/wp-content/themes/escoladireta/assets/img/screen-embarque-facil.png]
[www.escoladireta.com.br/wp-content/themes/escoladireta/assets/img/screen-seguranca.jpg]
[www.escoladireta.com.br/wp-content/themes/escoladireta/assets/img/screen-integracao.jpg]
[www.escoladireta.com.br/wp-content/themes/escoladireta/assets/img/screen-economia.jpg]
[www.escoladireta.com.br/wp-content/themes/escoladireta/assets/img/iphone-logo.png]
[www.escoladireta.com.br/wp-content/uploads/2017/09/oikogeneiako.jpg]
[www.escoladireta.com.br/confianca-dos-pais-como-conseguir/index.html]
[www.escoladireta.com.br/wp-content/uploads/2017/09/Fotolia_52571231_Subscription_Monthly_M.jpg]
[www.escoladireta.com.br/categoria/novidades/index.html]
[www.escoladireta.com.br/wp-content/uploads/2017/09/KIDS.jpg]
[www.escoladireta.com.br/categoria/para-a-escola/index.html]
[www.escoladireta.com.br/wp-content/themes/escoladireta/assets/img/parceiro-objetivo.png]
[www.escoladireta.com.br/papel-do-professor-20-coisas/index.html]
[www.escoladireta.com.br/wp-content/themes/escoladireta/assets/img/parceiro-gutenberg.png]
[www.escoladireta.com.br/categoria/para-os-pais/index.html]
[www.escoladireta.com.br/wp-content/themes/escoladireta/assets/img/parceiro-miranda.png]
[www.escoladireta.com.br/categoria/todos/index.html]
[www.escoladireta.com.br/wp-content/themes/escoladireta/assets/img/parceiro-yazigi.png]
[www.escoladireta.com.br/10-motivos-escoladireta/index.html]
[d335luupugsy2.cloudfront.net/js/integration/stable/rd-js-integration.min.js]
[www.escoladireta.com.br/comunidade/index.html]
[www.google-analytics.com/analytics.js]
[www.escoladireta.com.br/wp-content/themes/escoladireta/assets/js/home.minc35d.js]
[www.escoladireta.com.br/wp-content/themes/escoladireta/assets/js/scripts.mincbd0.js]
[www.google.com/recaptcha/api85f1.js]
[www.escoladireta.com.br/index.html]
[www.escoladireta.com.br/favicon.ico]
[www.escoladireta.com.br/wp-content/themes/escoladireta/assets/css/fonts/roboto/Roboto-Thin.31.delayed]
[www.escoladireta.com.br/wp-content/themes/escoladireta/assets/css/fonts/roboto/Roboto-Thind41d.eot]
[www.escoladireta.com.br/wp-content/themes/escoladireta/assets/css/fonts/roboto/Roboto-Thin.woff2]
[www.escoladireta.com.br/wp-content/themes/escoladireta/assets/css/fonts/roboto/Roboto-Thin.woff]
[www.escoladireta.com.br/wp-content/themes/escoladireta/assets/css/fonts/roboto/Roboto-Thin.ttf]
[www.escoladireta.com.br/wp-content/themes/escoladireta/assets/css/fonts/roboto/Roboto-Light.eot]
[www.escoladireta.com.br/wp-content/themes/escoladireta/assets/css/fonts/roboto/Roboto-Lightd41d.eot]
[www.escoladireta.com.br/wp-content/themes/escoladireta/assets/css/fonts/roboto/Roboto-Light.woff2]
[www.escoladireta.com.br/wp-content/themes/escoladireta/assets/css/fonts/roboto/Roboto-Light.woff]
[www.escoladireta.com.br/wp-content/themes/escoladireta/assets/css/fonts/roboto/Roboto-Light.ttf]
[www.escoladireta.com.br/wp-content/themes/escoladireta/assets/css/fonts/roboto/Roboto-Regular.eot]
[www.escoladireta.com.br/wp-content/themes/escoladireta/assets/css/fonts/roboto/Roboto-Regulard41d.eot]
[www.escoladireta.com.br/wp-content/themes/escoladireta/assets/css/fonts/roboto/Roboto-Regular.woff2]
[www.escoladireta.com.br/wp-content/themes/escoladireta/assets/css/fonts/roboto/Roboto-Regular.woff]
[www.escoladireta.com.br/wp-content/themes/escoladireta/assets/css/fonts/roboto/Roboto-Regular.ttf]
[www.escoladireta.com.br/wp-content/themes/escoladireta/assets/css/fonts/roboto/Roboto-Medium.eot]
[www.escoladireta.com.br/wp-content/themes/escoladireta/assets/css/fonts/roboto/Roboto-Mediumd41d.eot]
[www.escoladireta.com.br/wp-content/themes/escoladireta/assets/css/fonts/roboto/Roboto-Medium.woff2]
[www.escoladireta.com.br/wp-content/themes/escoladireta/assets/css/fonts/roboto/Roboto-Medium.woff]
[www.escoladireta.com.br/wp-content/themes/escoladireta/assets/css/fonts/roboto/Roboto-Medium.ttf]
[www.escoladireta.com.br/wp-content/themes/escoladireta/assets/css/fonts/roboto/Roboto-Bold.eot]
[www.escoladireta.com.br/wp-content/themes/escoladireta/assets/css/fonts/roboto/Roboto-Boldd41d.eot]
[www.escoladireta.com.br/wp-content/themes/escoladireta/assets/css/fonts/roboto/Roboto-Bold.woff2]
[www.escoladireta.com.br/wp-content/themes/escoladireta/assets/css/fonts/roboto/Roboto-Bold.woff]
[www.escoladireta.com.br/wp-content/themes/escoladireta/assets/css/fonts/roboto/Roboto-Bold.ttf]
[www.escoladireta.com.br/wp-content/themes/escoladireta/assets/css/libs/materialize.min.css]
[maxcdn.bootstrapcdn.com/font-awesome/4.5.0/css/font-awesome.min.css]
[www.escoladireta.com.br/wp-content/themes/escoladireta/assets/css/libs/material-icons.min.css]
[www.escoladireta.com.br/wp-content/themes/escoladireta/assets/fonts/arciform-webfont.woff]
[www.escoladireta.com.br/wp-content/themes/escoladireta/assets/fonts/arciform-webfont.woff2]
[www.escoladireta.com.br/wp-content/themes/escoladireta/assets/img/iphone.png]
[www.escoladireta.com.br/wp-content/themes/escoladireta/assets/img/bg-call-to-action.jpg]
[www.escoladireta.com.br/wp-content/themes/escoladireta/assets/img/banner-mobile1.jpg]
[www.escoladireta.com.br/wp-content/themes/escoladireta/assets/css/style.min3fb0.css]
[www.escoladireta.com.br/page/2/evento]
[www.escoladireta.com.br/page/3/index.html]
[www.escoladireta.com.br/page/2/mensagens]
[www.escoladireta.com.br/page/2/noticias]
[www.escoladireta.com.br/page/2/ocorrencias]
[www.escoladireta.com.br/page/2/licao-de-casa]
[www.escoladireta.com.br/page/2/boletim-escolar]
[www.escoladireta.com.br/page/2/material-escolar]
[www.escoladireta.com.br/page/2/mural-de-fotos]
[www.escoladireta.com.br/page/2/embarque-facil]
[www.escoladireta.com.br/page/2/catraca-eletronica]
[www.escoladireta.com.br/page/2/mensalidade]
[www.escoladireta.com.br/page/2/acompanhamento-online]
[www.escoladireta.com.br/page/2/index.html]
[www.escoladireta.com.br/wp-content/uploads/2016/11/cropped-favicon-32x32.html]
[www.escoladireta.com.br/wp-content/uploads/2016/11/cropped-favicon-192x192.html]
[www.escoladireta.com.br/wp-content/uploads/2016/11/cropped-favicon-180x180.html]
[www.escoladireta.com.br/evento.html]
[www.escoladireta.com.br/mensagens.html]
[www.escoladireta.com.br/noticias.html]
[www.escoladireta.com.br/ocorrencias.html]
[www.escoladireta.com.br/licao-de-casa.html]
[www.escoladireta.com.br/boletim-escolar.html]
[www.escoladireta.com.br/material-escolar.html]
[www.escoladireta.com.br/mural-de-fotos.html]
[www.escoladireta.com.br/embarque-facil.html]
[www.escoladireta.com.br/wp-content/themes/escoladireta/assets/videos/embarque-final.gif]
[www.escoladireta.com.br/wp-content/themes/escoladireta/assets/css/single.minb6f5.css]
[www.escoladireta.com.br/wp-content/themes/escoladireta/assets/css/blog.minc461.css]
[www.escoladireta.com.br/catraca-eletronica-para-escolas-seguranca-para-alunos-e-docentes-confianca-para-os-pais/feed/index.html]
[www.escoladireta.com.br/wp-json/oembed/1.0/embedeae6.json]
[www.escoladireta.com.br/wp-json/oembed/1.0/embed472f]
[www.escoladireta.com.br/wp-content/uploads/2017/04/catraca-eletrônica-escola-direta.jpg]
[www.escoladireta.com.br/wp-content/uploads/2017/09/engajar-alunos.jpg]
[www.escoladireta.com.br/wp-content/themes/escoladireta/assets/js/single.minc461.js]
[www.escoladireta.com.br/catraca-eletronica-para-escolas-seguranca-para-alunos-e-docentes-confianca-para-os-pais/index.html]
[www.escoladireta.com.br/engajar-os-alunos-semana-saco-cheio/index.html]
[www.escoladireta.com.br/mensalidade.html]
[www.escoladireta.com.br/acompanhamento-online.html]
[www.escoladireta.com.br/wp-json/oembed/1.0/embeda174.json]
[www.escoladireta.com.br/confianca-dos-pais-como-conseguir/feed/index.html]
[www.escoladireta.com.br/wp-json/oembed/1.0/embedff6b]
[s7.addthis.com/js/300/addthis_widget.js]
[www.escoladireta.com.br/wp-content/uploads/2017/09/oikogeneiako-1024x683.jpg]
[www.escoladireta.com.br/wp-content/uploads/2017/09/istock_000030065460_large.jpg]
[www.escoladireta.com.br/wp-content/uploads/2017/09/istock_000030065460_large-1024x682.jpg]
[www.escoladireta.com.br/wp-content/uploads/2017/09/rjl_wmr_wld_zwj_qr.jpg]
[www.escoladireta.com.br/wp-content/uploads/2017/09/rjl_wmr_wld_zwj_qr-1024x683.jpg]
[www.escoladireta.com.br/confianca-dos-pais-como-conseguir/index.html]
[www.escoladireta.com.br/categoria/novidades/page/2/index.html]
[www.escoladireta.com.br/categoria/novidades/feed/index.html]
[www.escoladireta.com.br/wp-content/uploads/2017/09/métricas-escola.jpg]
[www.escoladireta.com.br/economizar-orcamento-da-escola/index.html]
[www.escoladireta.com.br/wp-content/uploads/2017/09/pexels-photo-265087.jpg]
[www.escoladireta.com.br/sua-escola-transmite-uma-boa-imagem-para-os-clientes/index.html]
[www.escoladireta.com.br/wp-content/uploads/2017/09/comunicaçãoeficaz.jpg]
[www.escoladireta.com.br/de-educadores-para-pais-4-dicas-para-melhorar-a-alfabetizacao/index.html]
[www.escoladireta.com.br/wp-content/uploads/2016/05/aprendizagem-móvel-escola-direta-1.jpg]
[www.escoladireta.com.br/aprendizagem-movel-nao-e-so-mais-uma-tendencia/index.html]
[www.escoladireta.com.br/wp-content/uploads/2015/12/internet-na-escola-escola-direta.png]
[www.escoladireta.com.br/internet-na-educacao-publica-avancos-e-desafios/index.html]
[www.escoladireta.com.br/wp-content/uploads/2015/10/startups-que-estão-se-destacando-na-educação-escola-direta.jpg]
[www.escoladireta.com.br/startups-que-estao-se-destacando-na-educacao/index.html]
[www.escoladireta.com.br/wp-content/uploads/2015/09/crianca-meditando-e1441895334957.jpg]
[www.escoladireta.com.br/qualidade-de-vida-na-escola/index.html]
[www.escoladireta.com.br/wp-content/uploads/2017/04/estratégia-crescimento-rematrícula.jpg]
[www.escoladireta.com.br/quatro-tipos-de-estrategias-de-rematricula-para-aplicar-na-sua-escola/index.html]
[www.escoladireta.com.br/wp-content/uploads/2017/04/empoderamento-da-equipe-escolar-escola-direta.jpg]
[www.escoladireta.com.br/empoderamento-da-equipe-escolar-como-distribuir-tarefas-e-colher-melhores-resultados/index.html]
[www.escoladireta.com.br/wp-content/uploads/2015/11/controle-eletrônico-escola-direta.jpg]
[www.escoladireta.com.br/controles-eletronicos-para-a-escola/index.html]
[www.escoladireta.com.br/wp-content/uploads/2017/03/planejamento-escolar-segundo-semestre-escola-direta.jpg]
[www.escoladireta.com.br/comece-planejar-o-segundo-semestre-da-sua-escola/index.html]
[www.escoladireta.com.br/wp-content/uploads/2017/02/ciclo-do-marketing-escolar-escola-direta.jpg]
[www.escoladireta.com.br/conheca-o-ciclo-do-marketing-para-escolas/index.html]
[www.escoladireta.com.br/wp-content/uploads/2017/01/como-se-comunicar-com-os-pais-das-gerações-x-e-y-.jpg]
[www.escoladireta.com.br/como-se-comunicar-com-os-pais-das-geracoes-x-e-y/index.html]
[www.escoladireta.com.br/wp-content/uploads/2016/10/tendência-ensino-2017-escola-direta.png]
[www.escoladireta.com.br/tendencias-no-ensino-em-2017/index.html]
[www.escoladireta.com.br/wp-content/uploads/2016/09/planejamento-escolar-escola-direta-2017-1-min.jpg]
[www.escoladireta.com.br/planejamento-escolar-2017/index.html]
[www.escoladireta.com.br/wp-content/uploads/2016/06/Sua-escola-se-posiciona-tecnologicamente-1.jpg]
[www.escoladireta.com.br/sua-escola-se-posiciona-tecnologicamente-escola-direta/index.html]
[www.escoladireta.com.br/wp-content/uploads/2016/02/melhorias-com-o-uso-de-aplicativos-nas-escolas-escola-direta.png]
[www.escoladireta.com.br/melhorias-na-dinamica-escolar-com-o-uso-de-um-aplicativo/index.html]
[www.escoladireta.com.br/wp-content/uploads/2016/02/aplicativo-para-a-minha-escola-escola-direta.jpg]
[www.escoladireta.com.br/quero-um-aplicativo-para-a-minha-escola/index.html]
[www.escoladireta.com.br/wp-content/uploads/2016/11/jogos_para_criancas_escola_direta-e1442867315457.jpg]
[www.escoladireta.com.br/a-tecnologia-auxiliar-a-relacao-entre-pais-e-escolas/index.html]
[www.escoladireta.com.br/wp-content/uploads/2016/11/Aplicativos-na-dinâmica-escolar-uma-tendência-a-ser-seguida-.jpg]
[www.escoladireta.com.br/aplicativos-na-dinamica-escolar/index.html]
[www.escoladireta.com.br/wp-content/uploads/2015/12/g-.png]
[www.escoladireta.com.br/porque-usar-um-app-de-gestao-escolar-na-sua-escola-em-2016/index.html]
[www.escoladireta.com.br/wp-content/uploads/2016/11/As-férias-chegaram-Tempo-de-muito-trabalho.jpg]
[www.escoladireta.com.br/ferias-chegaram-muito-trabalho/index.html]
[www.escoladireta.com.br/wp-content/uploads/2015/11/tecnologia-na-educação-escola-direta.png]
[www.escoladireta.com.br/sua-escola-esta-atualizada-entenda-a-ligacao-entre-tecnologia-e-educacao/index.html]
[www.escoladireta.com.br/wp-content/uploads/2015/11/sua-escola-sabe-se-comunicar-com-os-pais-escola-direta.png]
[www.escoladireta.com.br/sua-escola-sabe-se-comunicar-com-os-pais/index.html]
[www.escoladireta.com.br/wp-content/uploads/2015/10/mundo-dos-jogos-na-educação-escola-direta.jpg]
[www.escoladireta.com.br/mundo-dos-jogos-na-educacao-por-que-saiba-mais-sobre-a-gamificacao/index.html]
[www.escoladireta.com.br/wp-content/uploads/2015/10/estimular-a-criatividade-em-sala-de-aula-escola-direta.jpg]
[www.escoladireta.com.br/dicas-para-estimular-a-criatividade-na-sala-de-aula/index.html]
[www.escoladireta.com.br/wp-content/uploads/2015/10/valor-agregado-nas-escolas-ajuda-a-driblar-a-crise-escola-direta.jpg]
[www.escoladireta.com.br/valor-agregado-nas-escolas-ajuda-a-driblar-a-crise/index.html]
[www.escoladireta.com.br/wp-content/uploads/2015/09/jogos_para_criancas_escola_direta-e1442867315457.jpg]
[www.escoladireta.com.br/jogos-tecnologicos-para-estimular-o-aprendizado/index.html]
[www.escoladireta.com.br/wp-content/uploads/2015/09/como-estimular-o-aprendizado-lúdico-na-sala-de-aula-escola-direta.jpg]
[www.escoladireta.com.br/como-estimular-o-aprendizado-ludico-na-escola/index.html]
[www.escoladireta.com.br/wp-content/uploads/2015/09/bullying-e1441742406725.png]
[www.escoladireta.com.br/bullying-na-escola-como-identificar/index.html]
[www.escoladireta.com.br/wp-content/uploads/2015/08/english-for-kids-e1439573967906.jpg]
[www.escoladireta.com.br/ingles-para-criancas/index.html]
[www.escoladireta.com.br/wp-content/uploads/2015/08/admin-ajax-e1438796295489.jpeg]
[www.escoladireta.com.br/inscricoes-premio-educador-nota-10/index.html]
[www.escoladireta.com.br/wp-content/uploads/2015/06/Blog-Gutenberg-e1438796370263.png]
[www.escoladireta.com.br/colegio-gutenberg-escola-direta/index.html]
[www.escoladireta.com.br/wp-content/uploads/2016/04/política-na-escola-escola-direta-.jpg]
[www.escoladireta.com.br/voce-sabe-o-que-o-seu-filho-vivencia-na-escola/index.html]
[www.escoladireta.com.br/wp-content/uploads/2016/11/férias-escolares-escola-direta.png]
[www.escoladireta.com.br/ferias-escolares/index.html]
[www.escoladireta.com.br/wp-content/uploads/2015/11/fim-de-ano-letivo-recuperação-escola-direta.jpg]
[www.escoladireta.com.br/fim-de-ano-letivo-tempo-de-dedicacao-maxima/index.html]
[www.escoladireta.com.br/wp-content/uploads/2015/10/como-se-manter-informado-sobre-a-rotina-escolar-do-seu-filho-escola-direta.jpg]
[www.escoladireta.com.br/como-se-manter-informado-sobre-a-rotina-escolar-dos-seus-filhos/index.html]
[www.escoladireta.com.br/categoria/novidades/index.html]
[www.escoladireta.com.br/categoria/para-a-escola/page/2/index.html]
[www.escoladireta.com.br/categoria/para-a-escola/feed/index.html]
[www.escoladireta.com.br/categoria/para-a-escola/index.html]
[www.escoladireta.com.br/wp-json/oembed/1.0/embed3dd8.json]
[www.escoladireta.com.br/wp-json/oembed/1.0/embed02cf]
[www.escoladireta.com.br/papel-do-professor-20-coisas/feed/index.html]
[www.escoladireta.com.br/wp-content/uploads/2016/12/capa.jpg]
[www.escoladireta.com.br/wp-content/uploads/2017/09/ThinkstockPhotos-184792950.jpg]
[www.escoladireta.com.br/wp-content/uploads/2017/09/ThinkstockPhotos-184792950-1024x624.jpg]
[www.escoladireta.com.br/wp-content/uploads/2017/09/teachingtest.jpg]
[www.escoladireta.com.br/wp-content/uploads/2017/09/teachingtest-1024x774.jpg]
[www.escoladireta.com.br/papel-do-professor-20-coisas/index.html]
[www.escoladireta.com.br/categoria/para-os-pais/page/2/index.html]
[www.escoladireta.com.br/categoria/para-os-pais/index.html]
[www.escoladireta.com.br/categoria/para-os-pais/feed/index.html]
[www.escoladireta.com.br/categoria/todos/page/2/index.html]
[www.escoladireta.com.br/categoria/todos/index.html]
[www.escoladireta.com.br/categoria/todos/feed/index.html]
[www.escoladireta.com.br/wp-json/oembed/1.0/embed58a4.json]
[www.escoladireta.com.br/10-motivos-escoladireta/feed/index.html]
[www.escoladireta.com.br/wp-json/oembed/1.0/embed76f0]
[www.escoladireta.com.br/wp-content/uploads/2017/01/banner-blog-quadrado-1.jpg]
[www.escoladireta.com.br/wp-content/uploads/2017/09/Fotolia_75666064_Subscription_Monthly_M.jpg]
[www.escoladireta.com.br/wp-content/uploads/2017/09/Fotolia_75666064_Subscription_Monthly_M-300x218.jpg]
[www.escoladireta.com.br/wp-content/uploads/2017/09/KIDS-300x200.jpg]
[www.escoladireta.com.br/wp-content/uploads/2017/10/conclusão-1.jpg]
[www.escoladireta.com.br/10-motivos-escoladireta/index.html]
[www.escoladireta.com.br/wp-json/oembed/1.0/embed4cb6.json]
[www.escoladireta.com.br/wp-json/oembed/1.0/embed06d4]
[www.escoladireta.com.br/comunidade/index.html]
[www.escoladireta.com.br/wp-content/themes/escoladireta/assets/css/fonts/roboto/Roboto-Thin.html]
[www.escoladireta.com.br/wp-content/themes/escoladireta/assets/css/fonts/roboto/Roboto-Thind41d.html]
[www.escoladireta.com.br/wp-content/themes/escoladireta/assets/css/fonts/roboto/Roboto-Thin-2.html]
[www.escoladireta.com.br/wp-content/themes/escoladireta/assets/css/fonts/roboto/Roboto-Thin-3.html]
[www.escoladireta.com.br/wp-content/themes/escoladireta/assets/css/fonts/roboto/Roboto-Thin-4.html]
[www.escoladireta.com.br/wp-content/themes/escoladireta/assets/css/fonts/roboto/Roboto-Light.html]
[www.escoladireta.com.br/wp-content/themes/escoladireta/assets/css/fonts/roboto/Roboto-Lightd41d.html]
[www.escoladireta.com.br/wp-content/themes/escoladireta/assets/css/fonts/roboto/Roboto-Light-2.html]
[www.escoladireta.com.br/wp-content/themes/escoladireta/assets/css/fonts/roboto/Roboto-Light-3.html]
[www.escoladireta.com.br/wp-content/themes/escoladireta/assets/css/fonts/roboto/Roboto-Light-4.html]
[www.escoladireta.com.br/wp-content/themes/escoladireta/assets/css/fonts/roboto/Roboto-Regular.html]
[www.escoladireta.com.br/wp-content/themes/escoladireta/assets/css/fonts/roboto/Roboto-Regulard41d.html]
[www.escoladireta.com.br/wp-content/themes/escoladireta/assets/css/fonts/roboto/Roboto-Regular-2.html]
[www.escoladireta.com.br/wp-content/themes/escoladireta/assets/css/fonts/roboto/Roboto-Regular-3.html]
[www.escoladireta.com.br/wp-content/themes/escoladireta/assets/css/fonts/roboto/Roboto-Regular-4.html]
[www.escoladireta.com.br/wp-content/themes/escoladireta/assets/css/fonts/roboto/Roboto-Medium.html]
[www.escoladireta.com.br/wp-content/themes/escoladireta/assets/css/fonts/roboto/Roboto-Mediumd41d.html]
[www.escoladireta.com.br/wp-content/themes/escoladireta/assets/css/fonts/roboto/Roboto-Medium-2.html]
[www.escoladireta.com.br/wp-content/themes/escoladireta/assets/css/fonts/roboto/Roboto-Medium-3.html]
[www.escoladireta.com.br/wp-content/themes/escoladireta/assets/css/fonts/roboto/Roboto-Medium-4.html]
[www.escoladireta.com.br/wp-content/themes/escoladireta/assets/css/fonts/roboto/Roboto-Bold.html]
[www.escoladireta.com.br/wp-content/themes/escoladireta/assets/css/fonts/roboto/Roboto-Boldd41d.html]
[www.escoladireta.com.br/wp-content/themes/escoladireta/assets/css/fonts/roboto/Roboto-Bold-2.html]
[www.escoladireta.com.br/wp-content/themes/escoladireta/assets/css/fonts/roboto/Roboto-Bold-3.html]
[www.escoladireta.com.br/wp-content/themes/escoladireta/assets/css/fonts/roboto/Roboto-Bold-4.html]
[www.escoladireta.com.br/page/2/favicon.ico]
[www.escoladireta.com.br/page/3/evento]
[www.escoladireta.com.br/page/4/index.html]
[www.escoladireta.com.br/page/3/mensagens]
[www.escoladireta.com.br/page/3/noticias]
[www.escoladireta.com.br/page/3/ocorrencias]
[www.escoladireta.com.br/page/3/licao-de-casa]
[www.escoladireta.com.br/page/3/boletim-escolar]
[www.escoladireta.com.br/page/3/material-escolar]
[www.escoladireta.com.br/page/3/mural-de-fotos]
[www.escoladireta.com.br/page/3/embarque-facil]
[www.escoladireta.com.br/page/3/catraca-eletronica]
[www.escoladireta.com.br/page/3/mensalidade]
[www.escoladireta.com.br/page/3/acompanhamento-online]
[www.escoladireta.com.br/page/3/index.html]
[www.escoladireta.com.br/page/2/evento.html]
[www.escoladireta.com.br/page/2/mensagens.html]
[www.escoladireta.com.br/page/2/noticias.html]
[www.escoladireta.com.br/page/2/ocorrencias.html]
[www.escoladireta.com.br/page/2/licao-de-casa.html]
[www.escoladireta.com.br/page/2/boletim-escolar.html]
[www.escoladireta.com.br/page/2/material-escolar.html]
[www.escoladireta.com.br/page/2/mural-de-fotos.html]
[www.escoladireta.com.br/page/2/embarque-facil.html]
[www.escoladireta.com.br/page/2/catraca-eletronica.html]
[www.escoladireta.com.br/page/2/mensalidade.html]
[www.escoladireta.com.br/page/2/acompanhamento-online.html]
[www.escoladireta.com.br/catraca-eletronica-para-escolas-seguranca-para-alunos-e-docentes-confianca-para-os-pais/favicon.ico]
[www.escoladireta.com.br/wp-content/themes/escoladireta/assets/css/single.minb6f5.css]
[www.escoladireta.com.br/wp-content/themes/escoladireta/assets/css/blog.minc461.css]
[www.escoladireta.com.br/indexf0fa.html]
[www.escoladireta.com.br/wp-json/oembed/1.0/embede3b1.json]
[www.escoladireta.com.br/engajar-os-alunos-semana-saco-cheio/feed/index.html]
[www.escoladireta.com.br/wp-json/oembed/1.0/embed40db]
[www.escoladireta.com.br/wp-content/uploads/2017/09/Childcare-Lafayette.jpg]
[www.escoladireta.com.br/wp-content/uploads/2017/09/Childcare-Lafayette-1024x683.jpg]
[www.escoladireta.com.br/engajar-os-alunos-semana-saco-cheio/index.html]
[www.escoladireta.com.br/confianca-dos-pais-como-conseguir/favicon.ico]
[www.escoladireta.com.br/index69dc.html]
[www.escoladireta.com.br/categoria/novidades/favicon.ico]
[www.escoladireta.com.br/categoria/novidades/page/3/index.html]
[www.escoladireta.com.br/categoria/novidades/page/2/index.html]
[www.escoladireta.com.br/wp-json/oembed/1.0/embed57c8.json]
[www.escoladireta.com.br/economizar-orcamento-da-escola/feed/index.html]
[www.escoladireta.com.br/wp-json/oembed/1.0/embedafbc]
[www.escoladireta.com.br/wp-content/uploads/2017/09/taxa-de-inadimplência.jpg]
[www.escoladireta.com.br/wp-content/uploads/2017/09/wallet-2668577_960_720.jpg]
[www.escoladireta.com.br/wp-content/uploads/2017/09/wallet-2292428_960_720.jpg]
[www.escoladireta.com.br/wp-content/uploads/2017/09/wallet-2292428_960_720-300x200.jpg]
[www.escoladireta.com.br/wp-content/uploads/2017/09/background-20126_960_720.jpg]
[www.escoladireta.com.br/economizar-orcamento-da-escola/index.html]
[www.escoladireta.com.br/wp-json/oembed/1.0/embed98d5.json]
[www.escoladireta.com.br/sua-escola-transmite-uma-boa-imagem-para-os-clientes/feed/index.html]
[www.escoladireta.com.br/wp-json/oembed/1.0/embed3419]
[www.escoladireta.com.br/sua-escola-transmite-uma-boa-imagem-para-os-clientes/index.html]
[www.escoladireta.com.br/wp-json/oembed/1.0/embedf77f.json]
[www.escoladireta.com.br/de-educadores-para-pais-4-dicas-para-melhorar-a-alfabetizacao/feed/index.html]
[www.escoladireta.com.br/wp-json/oembed/1.0/embed3d13]
[www.escoladireta.com.br/wp-content/uploads/2016/12/Banner-blog-quadrado.jpg]
[www.escoladireta.com.br/de-educadores-para-pais-4-dicas-para-melhorar-a-alfabetizacao/index.html]
[www.escoladireta.com.br/aprendizagem-movel-nao-e-so-mais-uma-tendencia/feed/index.html]
[www.escoladireta.com.br/wp-json/oembed/1.0/embed6b54.json]
[www.escoladireta.com.br/wp-json/oembed/1.0/embed7dcb]
[www.escoladireta.com.br/wp-content/uploads/2016/05/aprendizagem-móvel-escola-direta.jpg]
[www.escoladireta.com.br/aprendizagem-movel-nao-e-so-mais-uma-tendencia/index.html]
[www.escoladireta.com.br/wp-content/uploads/2016/05/aprendizagem-móvel-escola-direta-1.html]
[www.escoladireta.com.br/internet-na-educacao-publica-avancos-e-desafios/feed/index.html]
[www.escoladireta.com.br/wp-json/oembed/1.0/embed598b.json]
[www.escoladireta.com.br/wp-json/oembed/1.0/embed831e]
[www.escoladireta.com.br/internet-na-educacao-publica-avancos-e-desafios/index.html]
[www.escoladireta.com.br/wp-content/uploads/2015/12/internet-na-escola-escola-direta.html]
[www.escoladireta.com.br/startups-que-estao-se-destacando-na-educacao/feed/index.html]
[www.escoladireta.com.br/wp-json/oembed/1.0/embedd26e.json]
[www.escoladireta.com.br/wp-json/oembed/1.0/embede42d]
[www.escoladireta.com.br/startups-que-estao-se-destacando-na-educacao/index.html]
[www.escoladireta.com.br/wp-content/uploads/2015/10/startups-que-estão-se-destacando-na-educação-escola-direta.html]
[www.escoladireta.com.br/qualidade-de-vida-na-escola/feed/index.html]
[www.escoladireta.com.br/wp-json/oembed/1.0/embed63e3.json]
[www.escoladireta.com.br/wp-json/oembed/1.0/embed187b]
[www.escoladireta.com.br/qualidade-de-vida-na-escola/index.html]
[www.escoladireta.com.br/wp-content/uploads/2015/09/crianca-meditando-e1441895334957.html]
[www.escoladireta.com.br/quatro-tipos-de-estrategias-de-rematricula-para-aplicar-na-sua-escola/feed/index.html]
[www.escoladireta.com.br/wp-json/oembed/1.0/embed07ab.json]
[www.escoladireta.com.br/wp-json/oembed/1.0/embed7f82]
[www.escoladireta.com.br/quatro-tipos-de-estrategias-de-rematricula-para-aplicar-na-sua-escola/index.html]
[www.escoladireta.com.br/wp-json/oembed/1.0/embed3a74.json]
[www.escoladireta.com.br/empoderamento-da-equipe-escolar-como-distribuir-tarefas-e-colher-melhores-resultados/feed/index.html]
[www.escoladireta.com.br/wp-json/oembed/1.0/embedf5cd]
[www.escoladireta.com.br/wp-content/uploads/2017/04/reunião-equipe-.jpg]
[www.escoladireta.com.br/empoderamento-da-equipe-escolar-como-distribuir-tarefas-e-colher-melhores-resultados/index.html]
[www.escoladireta.com.br/wp-json/oembed/1.0/embedfb90.json]
[www.escoladireta.com.br/controles-eletronicos-para-a-escola/feed/index.html]
[www.escoladireta.com.br/wp-json/oembed/1.0/embed3516]
[www.escoladireta.com.br/controles-eletronicos-para-a-escola/index.html]
[www.escoladireta.com.br/wp-json/oembed/1.0/embedcc32.json]
[www.escoladireta.com.br/comece-planejar-o-segundo-semestre-da-sua-escola/feed/index.html]
[www.escoladireta.com.br/wp-json/oembed/1.0/embedd612]
[www.escoladireta.com.br/comece-planejar-o-segundo-semestre-da-sua-escola/index.html]
[www.escoladireta.com.br/wp-json/oembed/1.0/embedb740.json]
[www.escoladireta.com.br/conheca-o-ciclo-do-marketing-para-escolas/feed/index.html]
[www.escoladireta.com.br/wp-json/oembed/1.0/embeddc33]
[escoladireta.com.br/e-book/04/banner-blog-2.jpg]
[www.escoladireta.com.br/conheca-o-ciclo-do-marketing-para-escolas/index.html]
[www.escoladireta.com.br/wp-json/oembed/1.0/embed37ed.json]
[www.escoladireta.com.br/como-se-comunicar-com-os-pais-das-geracoes-x-e-y/feed/index.html]
[www.escoladireta.com.br/wp-json/oembed/1.0/embed2977]
[www.escoladireta.com.br/wp-content/uploads/2017/01/banner-blog-1.jpg]
[www.escoladireta.com.br/como-se-comunicar-com-os-pais-das-geracoes-x-e-y/index.html]
[www.escoladireta.com.br/wp-content/uploads/2017/01/como-se-comunicar-com-os-pais-das-gerações-x-e-y-.html]
[www.escoladireta.com.br/wp-json/oembed/1.0/embedfd62.json]
[www.escoladireta.com.br/tendencias-no-ensino-em-2017/feed/index.html]
[www.escoladireta.com.br/wp-json/oembed/1.0/embed6238]
[www.escoladireta.com.br/wp-content/uploads/2016/10/banner-blog.jpg]
[www.escoladireta.com.br/wp-content/uploads/2016/10/sala-de-aula-invertida-escola-direta-.jpg]
[www.escoladireta.com.br/tendencias-no-ensino-em-2017/index.html]
[www.escoladireta.com.br/wp-content/uploads/2016/10/tendência-ensino-2017-escola-direta.html]
[www.escoladireta.com.br/wp-json/oembed/1.0/embedb3f9.json]
[www.escoladireta.com.br/planejamento-escolar-2017/feed/index.html]
[www.escoladireta.com.br/wp-json/oembed/1.0/embeda65a]
[www.escoladireta.com.br/wp-content/uploads/2016/09/crescimento-escola-escola-direta-planejamento-escolar.jpg]
[www.escoladireta.com.br/wp-content/uploads/2016/09/crescimento-escola-escola-direta-planejamento-escolar-1024x755.jpg]
[www.escoladireta.com.br/wp-content/uploads/2016/09/banner-blog.jpg]
[www.escoladireta.com.br/planejamento-escolar-2017/index.html]
[www.escoladireta.com.br/wp-content/uploads/2016/09/planejamento-escolar-escola-direta-2017-1-min.html]
[www.escoladireta.com.br/wp-json/oembed/1.0/embed27d3.json]
[www.escoladireta.com.br/sua-escola-se-posiciona-tecnologicamente-escola-direta/feed/index.html]
[www.escoladireta.com.br/wp-json/oembed/1.0/embedc781]
[www.escoladireta.com.br/wp-content/uploads/2016/12/banner-blog.jpg]
[www.escoladireta.com.br/wp-content/uploads/2016/06/Sua-escola-se-posiciona-tecnologicamente-escola-direta.jpg]
[www.escoladireta.com.br/sua-escola-se-posiciona-tecnologicamente-escola-direta/index.html]
[www.escoladireta.com.br/wp-content/uploads/2016/06/Sua-escola-se-posiciona-tecnologicamente-1.html]
[www.escoladireta.com.br/wp-json/oembed/1.0/embedecfb.json]
[www.escoladireta.com.br/melhorias-na-dinamica-escolar-com-o-uso-de-um-aplicativo/feed/index.html]
[www.escoladireta.com.br/wp-json/oembed/1.0/embed0f52]
[www.escoladireta.com.br/wp-content/uploads/2016/02/Captura-de-Tela-2016-02-17-às-14.22.53.png]
[www.escoladireta.com.br/melhorias-na-dinamica-escolar-com-o-uso-de-um-aplicativo/index.html]
[www.escoladireta.com.br/wp-content/uploads/2016/02/melhorias-com-o-uso-de-aplicativos-nas-escolas-escola-direta.html]
[www.escoladireta.com.br/wp-json/oembed/1.0/embed35fa.json]
[www.escoladireta.com.br/quero-um-aplicativo-para-a-minha-escola/feed/index.html]
[www.escoladireta.com.br/wp-json/oembed/1.0/embed435b]
[www.escoladireta.com.br/wp-content/uploads/2016/02/aplicativo-para-minha-escola-escola-direta.png]
[www.escoladireta.com.br/quero-um-aplicativo-para-a-minha-escola/index.html]
[www.escoladireta.com.br/wp-content/uploads/2016/02/aplicativo-para-a-minha-escola-escola-direta.html]
[www.escoladireta.com.br/wp-json/oembed/1.0/embed58a9.json]
[www.escoladireta.com.br/a-tecnologia-auxiliar-a-relacao-entre-pais-e-escolas/feed/index.html]
[www.escoladireta.com.br/wp-json/oembed/1.0/embedd6f6]
[www.escoladireta.com.br/wp-content/uploads/2016/01/tecnologia-na-educação-usando-aplicativo-de-comunicação-escolar-escola-direta.jpg]
[www.escoladireta.com.br/wp-content/uploads/2016/01/Captura-de-Tela-2016-01-20-às-16.27.18.png]
[www.escoladireta.com.br/a-tecnologia-auxiliar-a-relacao-entre-pais-e-escolas/index.html]
[www.escoladireta.com.br/wp-content/uploads/2016/11/jogos_para_criancas_escola_direta-e1442867315457.html]
[www.escoladireta.com.br/wp-json/oembed/1.0/embedf5ea.json]
[www.escoladireta.com.br/aplicativos-na-dinamica-escolar/feed/index.html]
[www.escoladireta.com.br/wp-json/oembed/1.0/embed05e6]
[www.escoladireta.com.br/aplicativos-na-dinamica-escolar/index.html]
[www.escoladireta.com.br/wp-content/uploads/2016/11/Aplicativos-na-dinâmica-escolar-uma-tendência-a-ser-seguida-.html]
[www.escoladireta.com.br/wp-json/oembed/1.0/embed2ddc.json]
[www.escoladireta.com.br/porque-usar-um-app-de-gestao-escolar-na-sua-escola-em-2016/feed/index.html]
[www.escoladireta.com.br/wp-json/oembed/1.0/embed74a7]
[www.escoladireta.com.br/porque-usar-um-app-de-gestao-escolar-na-sua-escola-em-2016/index.html]
[www.escoladireta.com.br/wp-content/uploads/2015/12/g-.html]
[www.escoladireta.com.br/wp-json/oembed/1.0/embed0049.json]
[www.escoladireta.com.br/ferias-chegaram-muito-trabalho/feed/index.html]
[www.escoladireta.com.br/wp-json/oembed/1.0/embed3742]
[www.escoladireta.com.br/ferias-chegaram-muito-trabalho/index.html]
[www.escoladireta.com.br/wp-content/uploads/2016/11/As-férias-chegaram-Tempo-de-muito-trabalho.html]
[www.escoladireta.com.br/wp-json/oembed/1.0/embedb1dd.json]
[www.escoladireta.com.br/sua-escola-esta-atualizada-entenda-a-ligacao-entre-tecnologia-e-educacao/feed/index.html]
[www.escoladireta.com.br/wp-json/oembed/1.0/embed8e81]
[www.escoladireta.com.br/sua-escola-esta-atualizada-entenda-a-ligacao-entre-tecnologia-e-educacao/index.html]
[www.escoladireta.com.br/wp-content/uploads/2015/11/tecnologia-na-educação-escola-direta.html]
[www.escoladireta.com.br/wp-json/oembed/1.0/embed9a1e.json]
[www.escoladireta.com.br/sua-escola-sabe-se-comunicar-com-os-pais/feed/index.html]
[www.escoladireta.com.br/wp-json/oembed/1.0/embed689a]
[www.escoladireta.com.br/sua-escola-sabe-se-comunicar-com-os-pais/index.html]
[www.escoladireta.com.br/wp-content/uploads/2015/11/sua-escola-sabe-se-comunicar-com-os-pais-escola-direta.html]
[www.escoladireta.com.br/wp-json/oembed/1.0/embedf8c3.json]
[www.escoladireta.com.br/mundo-dos-jogos-na-educacao-por-que-saiba-mais-sobre-a-gamificacao/feed/index.html]
[www.escoladireta.com.br/wp-json/oembed/1.0/embedd410]
[www.escoladireta.com.br/mundo-dos-jogos-na-educacao-por-que-saiba-mais-sobre-a-gamificacao/index.html]
[www.escoladireta.com.br/wp-content/uploads/2015/10/mundo-dos-jogos-na-educação-escola-direta.html]
[www.escoladireta.com.br/dicas-para-estimular-a-criatividade-na-sala-de-aula/feed/index.html]
[www.escoladireta.com.br/wp-json/oembed/1.0/embed5037.json]
[www.escoladireta.com.br/wp-json/oembed/1.0/embed7321]
[www.escoladireta.com.br/dicas-para-estimular-a-criatividade-na-sala-de-aula/index.html]
[www.escoladireta.com.br/wp-content/uploads/2015/10/estimular-a-criatividade-em-sala-de-aula-escola-direta.html]
[www.escoladireta.com.br/wp-json/oembed/1.0/embed8ad8.json]
[www.escoladireta.com.br/valor-agregado-nas-escolas-ajuda-a-driblar-a-crise/feed/index.html]
[www.escoladireta.com.br/wp-json/oembed/1.0/embed51b6]
[www.escoladireta.com.br/valor-agregado-nas-escolas-ajuda-a-driblar-a-crise/index.html]
[www.escoladireta.com.br/wp-content/uploads/2015/10/valor-agregado-nas-escolas-ajuda-a-driblar-a-crise-escola-direta.html]
[www.escoladireta.com.br/wp-json/oembed/1.0/embed37e8.json]
[www.escoladireta.com.br/jogos-tecnologicos-para-estimular-o-aprendizado/feed/index.html]
[www.escoladireta.com.br/wp-json/oembed/1.0/embed432b]
[www.escoladireta.com.br/jogos-tecnologicos-para-estimular-o-aprendizado/index.html]
[www.escoladireta.com.br/wp-content/uploads/2015/09/jogos_para_criancas_escola_direta-e1442867315457.html]
[www.escoladireta.com.br/wp-json/oembed/1.0/embed710f.json]
[www.escoladireta.com.br/como-estimular-o-aprendizado-ludico-na-escola/feed/index.html]
[www.escoladireta.com.br/wp-json/oembed/1.0/embede6f4]
[www.escoladireta.com.br/como-estimular-o-aprendizado-ludico-na-escola/index.html]
[www.escoladireta.com.br/wp-content/uploads/2015/09/como-estimular-o-aprendizado-lúdico-na-sala-de-aula-escola-direta.html]
[www.escoladireta.com.br/wp-json/oembed/1.0/embed4afa.json]
[www.escoladireta.com.br/bullying-na-escola-como-identificar/feed/index.html]
[www.escoladireta.com.br/wp-json/oembed/1.0/embedd178]
[www.escoladireta.com.br/bullying-na-escola-como-identificar/index.html]
[www.escoladireta.com.br/wp-content/uploads/2015/09/bullying-e1441742406725.html]
[www.escoladireta.com.br/wp-json/oembed/1.0/embed7dcf.json]
[www.escoladireta.com.br/ingles-para-criancas/feed/index.html]
[www.escoladireta.com.br/wp-json/oembed/1.0/embed25f1]
[www.escoladireta.com.br/ingles-para-criancas/index.html]
[www.escoladireta.com.br/wp-content/uploads/2015/08/english-for-kids-e1439573967906.html]
[www.escoladireta.com.br/wp-json/oembed/1.0/embedb04d.json]
[www.escoladireta.com.br/inscricoes-premio-educador-nota-10/feed/index.html]
[www.escoladireta.com.br/wp-json/oembed/1.0/embed9308]
[www.escoladireta.com.br/inscricoes-premio-educador-nota-10/index.html]
[www.escoladireta.com.br/wp-content/uploads/2015/08/admin-ajax-e1438796295489.html]
[www.escoladireta.com.br/wp-json/oembed/1.0/embedd110.json]
[www.escoladireta.com.br/colegio-gutenberg-escola-direta/feed/index.html]
[www.escoladireta.com.br/wp-json/oembed/1.0/embed1d55]
[www.escoladireta.com.br/colegio-gutenberg-escola-direta/index.html]
[www.escoladireta.com.br/wp-content/uploads/2015/06/Blog-Gutenberg-e1438796370263.html]
[www.escoladireta.com.br/wp-json/oembed/1.0/embed09c7.json]
[www.escoladireta.com.br/voce-sabe-o-que-o-seu-filho-vivencia-na-escola/feed/index.html]
[www.escoladireta.com.br/wp-json/oembed/1.0/embed8313]
[www.escoladireta.com.br/wp-content/uploads/2016/04/criança-discutindo-política-escola-direta.jpg]
[www.escoladireta.com.br/voce-sabe-o-que-o-seu-filho-vivencia-na-escola/index.html]
[www.escoladireta.com.br/wp-content/uploads/2016/04/política-na-escola-escola-direta-.html]
[www.escoladireta.com.br/ferias-escolares/feed/index.html]
[www.escoladireta.com.br/wp-json/oembed/1.0/embed0499.json]
[www.escoladireta.com.br/wp-json/oembed/1.0/embed861d]
[www.escoladireta.com.br/ferias-escolares/index.html]
[www.escoladireta.com.br/wp-content/uploads/2016/11/férias-escolares-escola-direta.html]
[www.escoladireta.com.br/wp-json/oembed/1.0/embedf717.json]
[www.escoladireta.com.br/fim-de-ano-letivo-tempo-de-dedicacao-maxima/feed/index.html]
[www.escoladireta.com.br/wp-json/oembed/1.0/embed2104]
[www.escoladireta.com.br/fim-de-ano-letivo-tempo-de-dedicacao-maxima/index.html]
[www.escoladireta.com.br/wp-content/uploads/2015/11/fim-de-ano-letivo-recuperação-escola-direta.html]
[www.escoladireta.com.br/wp-json/oembed/1.0/embed9cde.json]
[www.escoladireta.com.br/como-se-manter-informado-sobre-a-rotina-escolar-dos-seus-filhos/feed/index.html]
[www.escoladireta.com.br/wp-json/oembed/1.0/embedd649]
[www.escoladireta.com.br/como-se-manter-informado-sobre-a-rotina-escolar-dos-seus-filhos/index.html]
[www.escoladireta.com.br/wp-content/uploads/2015/10/como-se-manter-informado-sobre-a-rotina-escolar-do-seu-filho-escola-direta.html]
[www.escoladireta.com.br/categoria/para-a-escola/favicon.ico]
[www.escoladireta.com.br/categoria/para-a-escola/page/2/index.html]
[www.escoladireta.com.br/papel-do-professor-20-coisas/favicon.ico]
[www.escoladireta.com.br/indexe7ac.html]
[www.escoladireta.com.br/categoria/para-os-pais/favicon.ico]
[www.escoladireta.com.br/categoria/para-a-escola/page/3/index.html]
[www.escoladireta.com.br/categoria/para-os-pais/page/2/index.html]
[www.escoladireta.com.br/categoria/todos/favicon.ico]
[www.escoladireta.com.br/categoria/para-os-pais/page/3/index.html]
[www.escoladireta.com.br/categoria/todos/page/2/index.html]
[www.escoladireta.com.br/10-motivos-escoladireta/favicon.ico]
[www.escoladireta.com.br/indexc17f.html]
[www.escoladireta.com.br/comunidade/favicon.ico]
[www.escoladireta.com.br/indexacf9.html]
[www.escoladireta.com.br/page/3/favicon.ico]
[www.escoladireta.com.br/categoria/todos/page/3/index.html]
[www.escoladireta.com.br/page/4/evento]
[www.escoladireta.com.br/page/5/index.html]
[www.escoladireta.com.br/page/4/mensagens]
[www.escoladireta.com.br/page/4/noticias]
[www.escoladireta.com.br/page/4/ocorrencias]
[www.escoladireta.com.br/page/4/licao-de-casa]
[www.escoladireta.com.br/page/4/boletim-escolar]
[www.escoladireta.com.br/page/4/material-escolar]
[www.escoladireta.com.br/page/4/mural-de-fotos]
[www.escoladireta.com.br/page/4/embarque-facil]
[www.escoladireta.com.br/page/4/catraca-eletronica]
[www.escoladireta.com.br/page/4/mensalidade]
[www.escoladireta.com.br/page/4/acompanhamento-online]
[www.escoladireta.com.br/page/4/index.html]
[www.escoladireta.com.br/page/3/evento.html]
[www.escoladireta.com.br/page/3/mensagens.html]
[www.escoladireta.com.br/page/3/noticias.html]
[www.escoladireta.com.br/page/3/ocorrencias.html]
[www.escoladireta.com.br/page/3/licao-de-casa.html]
[www.escoladireta.com.br/page/3/boletim-escolar.html]
[www.escoladireta.com.br/page/3/material-escolar.html]
[www.escoladireta.com.br/page/3/mural-de-fotos.html]
[www.escoladireta.com.br/page/3/embarque-facil.html]
[www.escoladireta.com.br/page/3/catraca-eletronica.html]
[www.escoladireta.com.br/page/3/mensalidade.html]
[www.escoladireta.com.br/page/3/acompanhamento-online.html]
[www.escoladireta.com.br/engajar-os-alunos-semana-saco-cheio/favicon.ico]
[www.escoladireta.com.br/indexc7a9.html]
[www.escoladireta.com.br/categoria/novidades/page/2/favicon.ico]
[www.escoladireta.com.br/categoria/novidades/page/3/index.html]
[www.escoladireta.com.br/economizar-orcamento-da-escola/favicon.ico]
[www.escoladireta.com.br/index2f6c.html]
[www.escoladireta.com.br/sua-escola-transmite-uma-boa-imagem-para-os-clientes/favicon.ico]
[www.escoladireta.com.br/index6cfe.html]
[www.escoladireta.com.br/de-educadores-para-pais-4-dicas-para-melhorar-a-alfabetizacao/favicon.ico]
[www.escoladireta.com.br/index13b6.html]
[www.escoladireta.com.br/aprendizagem-movel-nao-e-so-mais-uma-tendencia/favicon.ico]
[www.escoladireta.com.br/indexf689.html]
[www.escoladireta.com.br/wp-content/uploads/2016/05/aprendizagem-móvel-escola-direta.html]
[www.escoladireta.com.br/internet-na-educacao-publica-avancos-e-desafios/favicon.ico]
[www.escoladireta.com.br/index21b4.html]
[www.escoladireta.com.br/startups-que-estao-se-destacando-na-educacao/favicon.ico]
[www.escoladireta.com.br/indexb4ec.html]
[www.escoladireta.com.br/qualidade-de-vida-na-escola/favicon.ico]
[www.escoladireta.com.br/index6087.html]
[www.escoladireta.com.br/quatro-tipos-de-estrategias-de-rematricula-para-aplicar-na-sua-escola/favicon.ico]
[www.escoladireta.com.br/indexff6b.html]
[www.escoladireta.com.br/empoderamento-da-equipe-escolar-como-distribuir-tarefas-e-colher-melhores-resultados/favicon.ico]
[www.escoladireta.com.br/index1303.html]
[www.escoladireta.com.br/controles-eletronicos-para-a-escola/favicon.ico]
[www.escoladireta.com.br/index0c63.html]
[www.escoladireta.com.br/comece-planejar-o-segundo-semestre-da-sua-escola/favicon.ico]
[www.escoladireta.com.br/indexd7bf.html]
[www.escoladireta.com.br/conheca-o-ciclo-do-marketing-para-escolas/favicon.ico]
[www.escoladireta.com.br/index50b4.html]
[www.escoladireta.com.br/como-se-comunicar-com-os-pais-das-geracoes-x-e-y/favicon.ico]
[www.escoladireta.com.br/index4b26.html]
[www.escoladireta.com.br/tendencias-no-ensino-em-2017/favicon.ico]
[www.escoladireta.com.br/indexc3f0.html]
[www.escoladireta.com.br/wp-content/uploads/2016/10/banner-blog.html]
[www.escoladireta.com.br/wp-content/uploads/2016/10/sala-de-aula-invertida-escola-direta-.html]
[www.escoladireta.com.br/planejamento-escolar-2017/favicon.ico]
[www.escoladireta.com.br/indexab1b.html]
[www.escoladireta.com.br/wp-content/uploads/2016/09/crescimento-escola-escola-direta-planejamento-escolar.html]
[www.escoladireta.com.br/wp-content/uploads/2016/09/crescimento-escola-escola-direta-planejamento-escolar-1024x755.html]
[www.escoladireta.com.br/wp-content/uploads/2016/09/banner-blog.html]
[www.escoladireta.com.br/sua-escola-se-posiciona-tecnologicamente-escola-direta/favicon.ico]
[www.escoladireta.com.br/index7a13.html]
[www.escoladireta.com.br/wp-content/uploads/2016/06/Sua-escola-se-posiciona-tecnologicamente-escola-direta.html]
[www.escoladireta.com.br/melhorias-na-dinamica-escolar-com-o-uso-de-um-aplicativo/favicon.ico]
[www.escoladireta.com.br/index1ca9.html]
[www.escoladireta.com.br/wp-content/uploads/2016/02/Captura-de-Tela-2016-02-17-às-14.22.53.html]
[www.escoladireta.com.br/quero-um-aplicativo-para-a-minha-escola/favicon.ico]
[www.escoladireta.com.br/indexf9ae.html]
[www.escoladireta.com.br/wp-content/uploads/2016/02/aplicativo-para-minha-escola-escola-direta.html]
[www.escoladireta.com.br/a-tecnologia-auxiliar-a-relacao-entre-pais-e-escolas/favicon.ico]
[www.escoladireta.com.br/index6289.html]
[www.escoladireta.com.br/wp-content/uploads/2016/01/tecnologia-na-educação-usando-aplicativo-de-comunicação-escolar-escola-direta.html]
[www.escoladireta.com.br/wp-content/uploads/2016/01/Captura-de-Tela-2016-01-20-às-16.27.18.html]
[www.escoladireta.com.br/aplicativos-na-dinamica-escolar/favicon.ico]
[www.escoladireta.com.br/indexa102.html]
[www.escoladireta.com.br/porque-usar-um-app-de-gestao-escolar-na-sua-escola-em-2016/favicon.ico]
[www.escoladireta.com.br/index3d1a.html]
[www.escoladireta.com.br/ferias-chegaram-muito-trabalho/favicon.ico]
[www.escoladireta.com.br/index245e.html]
[www.escoladireta.com.br/sua-escola-esta-atualizada-entenda-a-ligacao-entre-tecnologia-e-educacao/favicon.ico]
[www.escoladireta.com.br/index9848.html]
[www.escoladireta.com.br/sua-escola-sabe-se-comunicar-com-os-pais/favicon.ico]
[www.escoladireta.com.br/index7a58.html]
[www.escoladireta.com.br/mundo-dos-jogos-na-educacao-por-que-saiba-mais-sobre-a-gamificacao/favicon.ico]
[www.escoladireta.com.br/index2025.html]
[www.escoladireta.com.br/dicas-para-estimular-a-criatividade-na-sala-de-aula/favicon.ico]
[www.escoladireta.com.br/index0111.html]
[www.escoladireta.com.br/valor-agregado-nas-escolas-ajuda-a-driblar-a-crise/favicon.ico]
[www.escoladireta.com.br/indexb1f0.html]
[www.escoladireta.com.br/jogos-tecnologicos-para-estimular-o-aprendizado/favicon.ico]
[www.escoladireta.com.br/indexe712.html]
[www.escoladireta.com.br/como-estimular-o-aprendizado-ludico-na-escola/favicon.ico]
[www.escoladireta.com.br/index47dc.html]
[www.escoladireta.com.br/bullying-na-escola-como-identificar/favicon.ico]
[www.escoladireta.com.br/indexa1c1.html]
[www.escoladireta.com.br/ingles-para-criancas/favicon.ico]
[www.escoladireta.com.br/indexe90e.html]
[www.escoladireta.com.br/inscricoes-premio-educador-nota-10/favicon.ico]
[www.escoladireta.com.br/index7867.html]
[www.escoladireta.com.br/colegio-gutenberg-escola-direta/favicon.ico]
[www.escoladireta.com.br/index5f97.html]
[www.escoladireta.com.br/voce-sabe-o-que-o-seu-filho-vivencia-na-escola/favicon.ico]
[www.escoladireta.com.br/index20df.html]
[www.escoladireta.com.br/wp-content/uploads/2016/04/criança-discutindo-política-escola-direta.html]
[www.escoladireta.com.br/ferias-escolares/favicon.ico]
[www.escoladireta.com.br/indexb45d.html]
[www.escoladireta.com.br/fim-de-ano-letivo-tempo-de-dedicacao-maxima/favicon.ico]
[www.escoladireta.com.br/indexc9c3.html]
[www.escoladireta.com.br/como-se-manter-informado-sobre-a-rotina-escolar-dos-seus-filhos/favicon.ico]
[www.escoladireta.com.br/index1c50.html]
[www.escoladireta.com.br/categoria/para-a-escola/page/2/favicon.ico]
[www.escoladireta.com.br/categoria/novidades/page/4/index.html]
[www.escoladireta.com.br/categoria/para-a-escola/page/3/index.html]
[www.escoladireta.com.br/categoria/para-os-pais/page/2/favicon.ico]
[www.escoladireta.com.br/categoria/para-a-escola/page/4/index.html]
[www.escoladireta.com.br/categoria/para-os-pais/page/3/index.html]
[www.escoladireta.com.br/categoria/todos/page/2/favicon.ico]
[www.escoladireta.com.br/categoria/para-os-pais/page/4/index.html]
[www.escoladireta.com.br/categoria/todos/page/3/index.html]
[www.escoladireta.com.br/page/4/favicon.ico]
[www.escoladireta.com.br/page/5/evento]
[www.escoladireta.com.br/page/6/index.html]
[www.escoladireta.com.br/page/5/mensagens]
[www.escoladireta.com.br/page/5/noticias]
[www.escoladireta.com.br/page/5/ocorrencias]
[www.escoladireta.com.br/page/5/licao-de-casa]
[www.escoladireta.com.br/page/5/boletim-escolar]
[www.escoladireta.com.br/page/5/material-escolar]
[www.escoladireta.com.br/page/5/mural-de-fotos]
[www.escoladireta.com.br/page/5/embarque-facil]
[www.escoladireta.com.br/page/5/catraca-eletronica]
[www.escoladireta.com.br/page/5/mensalidade]
[www.escoladireta.com.br/page/5/acompanhamento-online]
[www.escoladireta.com.br/page/5/index.html]
[www.escoladireta.com.br/page/4/evento.html]
[www.escoladireta.com.br/page/4/mensagens.html]
[www.escoladireta.com.br/page/4/noticias.html]
[www.escoladireta.com.br/page/4/ocorrencias.html]
[www.escoladireta.com.br/page/4/licao-de-casa.html]
[www.escoladireta.com.br/page/4/boletim-escolar.html]
[www.escoladireta.com.br/page/4/material-escolar.html]
[www.escoladireta.com.br/page/4/mural-de-fotos.html]
[www.escoladireta.com.br/page/4/embarque-facil.html]
[www.escoladireta.com.br/page/4/catraca-eletronica.html]
[www.escoladireta.com.br/page/4/mensalidade.html]
[www.escoladireta.com.br/page/4/acompanhamento-online.html]
[www.escoladireta.com.br/categoria/novidades/page/3/favicon.ico]
[www.escoladireta.com.br/categoria/novidades/page/4/index.html]
[www.escoladireta.com.br/categoria/para-a-escola/page/3/favicon.ico]
[www.escoladireta.com.br/categoria/novidades/page/5/index.html]
[www.escoladireta.com.br/categoria/para-a-escola/page/4/index.html]
[www.escoladireta.com.br/categoria/para-os-pais/page/3/favicon.ico]
[www.escoladireta.com.br/categoria/para-a-escola/page/5/index.html]
[www.escoladireta.com.br/categoria/para-os-pais/page/4/index.html]
[www.escoladireta.com.br/categoria/todos/page/3/favicon.ico]
[www.escoladireta.com.br/page/5/favicon.ico]
[www.escoladireta.com.br/categoria/para-os-pais/page/5/index.html]
[www.escoladireta.com.br/categoria/todos/page/4/index.html]
[www.escoladireta.com.br/page/6/evento]
[www.escoladireta.com.br/page/7/index.html]
[www.escoladireta.com.br/page/6/mensagens]
[www.escoladireta.com.br/page/6/noticias]
[www.escoladireta.com.br/page/6/ocorrencias]
[www.escoladireta.com.br/page/6/licao-de-casa]
[www.escoladireta.com.br/page/6/boletim-escolar]
[www.escoladireta.com.br/page/6/material-escolar]
[www.escoladireta.com.br/page/6/mural-de-fotos]
[www.escoladireta.com.br/page/6/embarque-facil]
[www.escoladireta.com.br/page/6/catraca-eletronica]
[www.escoladireta.com.br/page/6/mensalidade]
[www.escoladireta.com.br/page/6/acompanhamento-online]
[www.escoladireta.com.br/page/6/index.html]
[www.escoladireta.com.br/page/5/evento.html]
[www.escoladireta.com.br/page/5/mensagens.html]
[www.escoladireta.com.br/page/5/noticias.html]
[www.escoladireta.com.br/page/5/ocorrencias.html]
[www.escoladireta.com.br/page/5/licao-de-casa.html]
[www.escoladireta.com.br/page/5/boletim-escolar.html]
[www.escoladireta.com.br/page/5/material-escolar.html]
[www.escoladireta.com.br/page/5/mural-de-fotos.html]
[www.escoladireta.com.br/page/5/embarque-facil.html]
[www.escoladireta.com.br/page/5/catraca-eletronica.html]
[www.escoladireta.com.br/page/5/mensalidade.html]
[www.escoladireta.com.br/page/5/acompanhamento-online.html]
[www.escoladireta.com.br/categoria/novidades/page/4/favicon.ico]
[www.escoladireta.com.br/categoria/novidades/page/5/index.html]
[www.escoladireta.com.br/categoria/para-a-escola/page/4/favicon.ico]
[www.escoladireta.com.br/categoria/novidades/page/6/index.html]
[www.escoladireta.com.br/categoria/para-a-escola/page/5/index.html]
[www.escoladireta.com.br/categoria/para-os-pais/page/4/favicon.ico]
[www.escoladireta.com.br/categoria/para-a-escola/page/6/index.html]
[www.escoladireta.com.br/categoria/para-os-pais/page/5/index.html]
[www.escoladireta.com.br/categoria/para-os-pais/page/6/index.html]
[www.escoladireta.com.br/categoria/todos/page/4/index.html]
[www.escoladireta.com.br/page/6/favicon.ico]
[www.escoladireta.com.br/categoria/todos/page/5/index.html]
[www.escoladireta.com.br/page/7/evento]
[www.escoladireta.com.br/page/8/index.html]
[www.escoladireta.com.br/page/7/mensagens]
[www.escoladireta.com.br/page/7/noticias]
[www.escoladireta.com.br/page/7/ocorrencias]
[www.escoladireta.com.br/page/7/licao-de-casa]
[www.escoladireta.com.br/page/7/boletim-escolar]
[www.escoladireta.com.br/page/7/material-escolar]
[www.escoladireta.com.br/page/7/mural-de-fotos]
[www.escoladireta.com.br/page/7/embarque-facil]
[www.escoladireta.com.br/page/7/catraca-eletronica]
[www.escoladireta.com.br/page/7/mensalidade]
[www.escoladireta.com.br/page/7/acompanhamento-online]
[www.escoladireta.com.br/page/7/index.html]
[www.escoladireta.com.br/page/6/evento.html]
[www.escoladireta.com.br/page/6/mensagens.html]
[www.escoladireta.com.br/page/6/noticias.html]
[www.escoladireta.com.br/page/6/ocorrencias.html]
[www.escoladireta.com.br/page/6/licao-de-casa.html]
[www.escoladireta.com.br/page/6/boletim-escolar.html]
[www.escoladireta.com.br/page/6/material-escolar.html]
[www.escoladireta.com.br/page/6/mural-de-fotos.html]
[www.escoladireta.com.br/page/6/embarque-facil.html]
[www.escoladireta.com.br/page/6/catraca-eletronica.html]
[www.escoladireta.com.br/page/6/mensalidade.html]
[www.escoladireta.com.br/page/6/acompanhamento-online.html]
[www.escoladireta.com.br/categoria/novidades/page/5/favicon.ico]
[www.escoladireta.com.br/categoria/novidades/page/6/index.html]
[www.escoladireta.com.br/categoria/para-a-escola/page/5/favicon.ico]
[www.escoladireta.com.br/categoria/para-a-escola/page/6/index.html]
[www.escoladireta.com.br/categoria/para-os-pais/page/5/favicon.ico]
[www.escoladireta.com.br/categoria/para-a-escola/page/7/index.html]
[www.escoladireta.com.br/categoria/para-os-pais/page/6/index.html]
[www.escoladireta.com.br/categoria/todos/page/4/favicon.ico]
[www.escoladireta.com.br/categoria/todos/page/5/index.html]
[www.escoladireta.com.br/page/7/favicon.ico]
[www.escoladireta.com.br/categoria/todos/page/6/index.html]
[www.escoladireta.com.br/page/8/evento]
[www.escoladireta.com.br/page/9/index.html]
[www.escoladireta.com.br/page/8/mensagens]
[www.escoladireta.com.br/page/8/noticias]
[www.escoladireta.com.br/page/8/ocorrencias]
[www.escoladireta.com.br/page/8/licao-de-casa]
[www.escoladireta.com.br/page/8/boletim-escolar]
[www.escoladireta.com.br/page/8/material-escolar]
[www.escoladireta.com.br/page/8/mural-de-fotos]
[www.escoladireta.com.br/page/8/embarque-facil]
[www.escoladireta.com.br/page/8/catraca-eletronica]
[www.escoladireta.com.br/page/8/mensalidade]
[www.escoladireta.com.br/page/8/acompanhamento-online]
[www.escoladireta.com.br/page/8/index.html]
[www.escoladireta.com.br/page/7/evento.html]
[www.escoladireta.com.br/page/7/mensagens.html]
[www.escoladireta.com.br/page/7/noticias.html]
[www.escoladireta.com.br/page/7/ocorrencias.html]
[www.escoladireta.com.br/page/7/licao-de-casa.html]
[www.escoladireta.com.br/page/7/boletim-escolar.html]
[www.escoladireta.com.br/page/7/material-escolar.html]
[www.escoladireta.com.br/page/7/mural-de-fotos.html]
[www.escoladireta.com.br/page/7/embarque-facil.html]
[www.escoladireta.com.br/page/7/catraca-eletronica.html]
[www.escoladireta.com.br/page/7/mensalidade.html]
[www.escoladireta.com.br/page/7/acompanhamento-online.html]
[www.escoladireta.com.br/categoria/novidades/page/6/favicon.ico]
[www.escoladireta.com.br/categoria/para-a-escola/page/6/favicon.ico]
[www.escoladireta.com.br/categoria/para-a-escola/page/7/index.html]
[www.escoladireta.com.br/categoria/para-os-pais/page/6/favicon.ico]
[www.escoladireta.com.br/categoria/todos/page/5/favicon.ico]
[www.escoladireta.com.br/categoria/para-a-escola/page/8/index.html]
[www.escoladireta.com.br/categoria/todos/page/6/index.html]
[www.escoladireta.com.br/page/8/favicon.ico]
[www.escoladireta.com.br/page/9/evento]
[www.escoladireta.com.br/page/10/index.html]
[www.escoladireta.com.br/page/9/mensagens]
[www.escoladireta.com.br/page/9/noticias]
[www.escoladireta.com.br/page/9/ocorrencias]
[www.escoladireta.com.br/page/9/licao-de-casa]
[www.escoladireta.com.br/page/9/boletim-escolar]
[www.escoladireta.com.br/page/9/material-escolar]
[www.escoladireta.com.br/page/9/mural-de-fotos]
[www.escoladireta.com.br/page/9/embarque-facil]
[www.escoladireta.com.br/page/9/catraca-eletronica]
[www.escoladireta.com.br/page/9/mensalidade]
[www.escoladireta.com.br/page/9/acompanhamento-online]
[www.escoladireta.com.br/page/9/index.html]
[www.escoladireta.com.br/page/8/evento.html]
[www.escoladireta.com.br/page/8/mensagens.html]
[www.escoladireta.com.br/page/8/noticias.html]
[www.escoladireta.com.br/page/8/ocorrencias.html]
[www.escoladireta.com.br/page/8/licao-de-casa.html]
[www.escoladireta.com.br/page/8/boletim-escolar.html]
[www.escoladireta.com.br/page/8/material-escolar.html]
[www.escoladireta.com.br/page/8/mural-de-fotos.html]
[www.escoladireta.com.br/page/8/embarque-facil.html]
[www.escoladireta.com.br/page/8/catraca-eletronica.html]
[www.escoladireta.com.br/page/8/mensalidade.html]
[www.escoladireta.com.br/page/8/acompanhamento-online.html]
[www.escoladireta.com.br/categoria/para-a-escola/page/7/favicon.ico]
[www.escoladireta.com.br/categoria/para-a-escola/page/8/index.html]
[www.escoladireta.com.br/categoria/todos/page/6/favicon.ico]
[www.escoladireta.com.br/page/9/favicon.ico]
[www.escoladireta.com.br/categoria/para-a-escola/page/9/index.html]
[www.escoladireta.com.br/categoria/todos/page/7/index.html]
[www.escoladireta.com.br/page/10/evento]
[www.escoladireta.com.br/page/11/index.html]
[www.escoladireta.com.br/page/10/mensagens]
[www.escoladireta.com.br/page/10/noticias]
[www.escoladireta.com.br/page/10/ocorrencias]
[www.escoladireta.com.br/page/10/licao-de-casa]
[www.escoladireta.com.br/page/10/boletim-escolar]
[www.escoladireta.com.br/page/10/material-escolar]
[www.escoladireta.com.br/page/10/mural-de-fotos]
[www.escoladireta.com.br/page/10/embarque-facil]
[www.escoladireta.com.br/page/10/catraca-eletronica]
[www.escoladireta.com.br/page/10/mensalidade]
[www.escoladireta.com.br/page/10/acompanhamento-online]
[www.escoladireta.com.br/page/10/index.html]
[www.escoladireta.com.br/page/9/evento.html]
[www.escoladireta.com.br/page/9/mensagens.html]
[www.escoladireta.com.br/page/9/noticias.html]
[www.escoladireta.com.br/page/9/ocorrencias.html]
[www.escoladireta.com.br/page/9/licao-de-casa.html]
[www.escoladireta.com.br/page/9/boletim-escolar.html]
[www.escoladireta.com.br/page/9/material-escolar.html]
[www.escoladireta.com.br/page/9/mural-de-fotos.html]
[www.escoladireta.com.br/page/9/embarque-facil.html]
[www.escoladireta.com.br/page/9/catraca-eletronica.html]
[www.escoladireta.com.br/page/9/mensalidade.html]
[www.escoladireta.com.br/page/9/acompanhamento-online.html]
[www.escoladireta.com.br/categoria/para-a-escola/page/8/favicon.ico]
[www.escoladireta.com.br/categoria/para-a-escola/page/9/index.html]
[www.escoladireta.com.br/categoria/para-a-escola/page/10/index.html]
[www.escoladireta.com.br/categoria/todos/page/7/index.html]
[www.escoladireta.com.br/page/10/favicon.ico]
[www.escoladireta.com.br/categoria/todos/page/8/index.html]
[www.escoladireta.com.br/page/11/evento]
[www.escoladireta.com.br/page/12/index.html]
[www.escoladireta.com.br/page/11/mensagens]
[www.escoladireta.com.br/page/11/noticias]
[www.escoladireta.com.br/page/11/ocorrencias]
[www.escoladireta.com.br/page/11/licao-de-casa]
[www.escoladireta.com.br/page/11/boletim-escolar]
[www.escoladireta.com.br/page/11/material-escolar]
[www.escoladireta.com.br/page/11/mural-de-fotos]
[www.escoladireta.com.br/page/11/embarque-facil]
[www.escoladireta.com.br/page/11/catraca-eletronica]
[www.escoladireta.com.br/page/11/mensalidade]
[www.escoladireta.com.br/page/11/acompanhamento-online]
[www.escoladireta.com.br/page/11/index.html]
[www.escoladireta.com.br/page/10/evento.html]
[www.escoladireta.com.br/page/10/mensagens.html]
[www.escoladireta.com.br/page/10/noticias.html]
[www.escoladireta.com.br/page/10/ocorrencias.html]
[www.escoladireta.com.br/page/10/licao-de-casa.html]
[www.escoladireta.com.br/page/10/boletim-escolar.html]
[www.escoladireta.com.br/page/10/material-escolar.html]
[www.escoladireta.com.br/page/10/mural-de-fotos.html]
[www.escoladireta.com.br/page/10/embarque-facil.html]
[www.escoladireta.com.br/page/10/catraca-eletronica.html]
[www.escoladireta.com.br/page/10/mensalidade.html]
[www.escoladireta.com.br/page/10/acompanhamento-online.html]
[www.escoladireta.com.br/categoria/para-a-escola/page/9/favicon.ico]
[www.escoladireta.com.br/categoria/para-a-escola/page/10/index.html]
[www.escoladireta.com.br/categoria/todos/page/7/favicon.ico]
[www.escoladireta.com.br/categoria/todos/page/8/index.html]
[www.escoladireta.com.br/page/11/favicon.ico]
[www.escoladireta.com.br/categoria/todos/page/9/index.html]
[www.escoladireta.com.br/page/13/index.html]
[www.escoladireta.com.br/page/12/evento]
[www.escoladireta.com.br/page/12/mensagens]
[www.escoladireta.com.br/page/12/noticias]
[www.escoladireta.com.br/page/12/ocorrencias]
[www.escoladireta.com.br/page/12/licao-de-casa]
[www.escoladireta.com.br/page/12/boletim-escolar]
[www.escoladireta.com.br/page/12/material-escolar]
[www.escoladireta.com.br/page/12/mural-de-fotos]
[www.escoladireta.com.br/page/12/embarque-facil]
[www.escoladireta.com.br/page/12/catraca-eletronica]
[www.escoladireta.com.br/page/12/mensalidade]
[www.escoladireta.com.br/page/12/acompanhamento-online]
[www.escoladireta.com.br/page/12/index.html]
[www.escoladireta.com.br/page/11/evento.html]
[www.escoladireta.com.br/page/11/mensagens.html]
[www.escoladireta.com.br/page/11/noticias.html]
[www.escoladireta.com.br/page/11/ocorrencias.html]
[www.escoladireta.com.br/page/11/licao-de-casa.html]
[www.escoladireta.com.br/page/11/boletim-escolar.html]
[www.escoladireta.com.br/page/11/material-escolar.html]
[www.escoladireta.com.br/page/11/mural-de-fotos.html]
[www.escoladireta.com.br/page/11/embarque-facil.html]
[www.escoladireta.com.br/page/11/catraca-eletronica.html]
[www.escoladireta.com.br/page/11/mensalidade.html]
[www.escoladireta.com.br/page/11/acompanhamento-online.html]
[www.escoladireta.com.br/categoria/para-a-escola/page/10/favicon.ico]
[www.escoladireta.com.br/categoria/todos/page/8/favicon.ico]
[www.escoladireta.com.br/categoria/para-a-escola/page/11/index.html]
[www.escoladireta.com.br/categoria/todos/page/9/index.html]
[www.escoladireta.com.br/page/12/favicon.ico]
[www.escoladireta.com.br/categoria/todos/page/10/index.html]
[www.escoladireta.com.br/page/13/evento]
[www.escoladireta.com.br/page/14/index.html]
[www.escoladireta.com.br/page/13/mensagens]
[www.escoladireta.com.br/page/13/noticias]
[www.escoladireta.com.br/page/13/ocorrencias]
[www.escoladireta.com.br/page/13/licao-de-casa]
[www.escoladireta.com.br/page/13/boletim-escolar]
[www.escoladireta.com.br/page/13/material-escolar]
[www.escoladireta.com.br/page/13/mural-de-fotos]
[www.escoladireta.com.br/page/13/embarque-facil]
[www.escoladireta.com.br/page/13/catraca-eletronica]
[www.escoladireta.com.br/page/13/mensalidade]
[www.escoladireta.com.br/page/13/acompanhamento-online]
[www.escoladireta.com.br/page/13/index.html]
[www.escoladireta.com.br/page/12/evento.html]
[www.escoladireta.com.br/page/12/mensagens.html]
[www.escoladireta.com.br/page/12/noticias.html]
[www.escoladireta.com.br/page/12/ocorrencias.html]
[www.escoladireta.com.br/page/12/licao-de-casa.html]
[www.escoladireta.com.br/page/12/boletim-escolar.html]
[www.escoladireta.com.br/page/12/material-escolar.html]
[www.escoladireta.com.br/page/12/mural-de-fotos.html]
[www.escoladireta.com.br/page/12/embarque-facil.html]
[www.escoladireta.com.br/page/12/catraca-eletronica.html]
[www.escoladireta.com.br/page/12/mensalidade.html]
[www.escoladireta.com.br/page/12/acompanhamento-online.html]
[www.escoladireta.com.br/categoria/para-a-escola/page/11/index.html]
[www.escoladireta.com.br/categoria/todos/page/9/favicon.ico]
[www.escoladireta.com.br/categoria/para-a-escola/page/12/index.html]
[www.escoladireta.com.br/categoria/todos/page/10/index.html]
[www.escoladireta.com.br/page/13/favicon.ico]
[www.escoladireta.com.br/categoria/todos/page/11/index.html]
[www.escoladireta.com.br/page/14/evento]
[www.escoladireta.com.br/page/15/index.html]
[www.escoladireta.com.br/page/14/mensagens]
[www.escoladireta.com.br/page/14/noticias]
[www.escoladireta.com.br/page/14/ocorrencias]
[www.escoladireta.com.br/page/14/licao-de-casa]
[www.escoladireta.com.br/page/14/boletim-escolar]
[www.escoladireta.com.br/page/14/material-escolar]
[www.escoladireta.com.br/page/14/mural-de-fotos]
[www.escoladireta.com.br/page/14/embarque-facil]
[www.escoladireta.com.br/page/14/catraca-eletronica]
[www.escoladireta.com.br/page/14/mensalidade]
[www.escoladireta.com.br/page/14/acompanhamento-online]
[www.escoladireta.com.br/page/14/index.html]
[www.escoladireta.com.br/page/13/evento.html]
[www.escoladireta.com.br/page/13/mensagens.html]
[www.escoladireta.com.br/page/13/noticias.html]
[www.escoladireta.com.br/page/13/ocorrencias.html]
[www.escoladireta.com.br/page/13/licao-de-casa.html]
[www.escoladireta.com.br/page/13/boletim-escolar.html]
[www.escoladireta.com.br/page/13/material-escolar.html]
[www.escoladireta.com.br/page/13/mural-de-fotos.html]
[www.escoladireta.com.br/page/13/embarque-facil.html]
[www.escoladireta.com.br/page/13/catraca-eletronica.html]
[www.escoladireta.com.br/page/13/mensalidade.html]
[www.escoladireta.com.br/page/13/acompanhamento-online.html]
[www.escoladireta.com.br/categoria/para-a-escola/page/11/favicon.ico]
[www.escoladireta.com.br/categoria/para-a-escola/page/12/index.html]
[www.escoladireta.com.br/categoria/todos/page/10/favicon.ico]
[www.escoladireta.com.br/categoria/para-a-escola/page/13/index.html]
[www.escoladireta.com.br/categoria/todos/page/11/index.html]
[www.escoladireta.com.br/page/14/favicon.ico]
[www.escoladireta.com.br/categoria/todos/page/12/index.html]
[www.escoladireta.com.br/page/15/evento]
[www.escoladireta.com.br/page/16/index.html]
[www.escoladireta.com.br/page/15/mensagens]
[www.escoladireta.com.br/page/15/noticias]
[www.escoladireta.com.br/page/15/ocorrencias]
[www.escoladireta.com.br/page/15/licao-de-casa]
[www.escoladireta.com.br/page/15/boletim-escolar]
[www.escoladireta.com.br/page/15/material-escolar]
[www.escoladireta.com.br/page/15/mural-de-fotos]
[www.escoladireta.com.br/page/15/embarque-facil]
[www.escoladireta.com.br/page/15/catraca-eletronica]
[www.escoladireta.com.br/page/15/mensalidade]
[www.escoladireta.com.br/page/15/acompanhamento-online]
[www.escoladireta.com.br/page/15/index.html]
[www.escoladireta.com.br/page/14/evento.html]
[www.escoladireta.com.br/page/14/mensagens.html]
[www.escoladireta.com.br/page/14/noticias.html]
[www.escoladireta.com.br/page/14/ocorrencias.html]
[www.escoladireta.com.br/page/14/licao-de-casa.html]
[www.escoladireta.com.br/page/14/boletim-escolar.html]
[www.escoladireta.com.br/page/14/material-escolar.html]
[www.escoladireta.com.br/page/14/mural-de-fotos.html]
[www.escoladireta.com.br/page/14/embarque-facil.html]
[www.escoladireta.com.br/page/14/catraca-eletronica.html]
[www.escoladireta.com.br/page/14/mensalidade.html]
[www.escoladireta.com.br/page/14/acompanhamento-online.html]
[www.escoladireta.com.br/categoria/para-a-escola/page/12/favicon.ico]
[www.escoladireta.com.br/categoria/para-a-escola/page/13/index.html]
[www.escoladireta.com.br/categoria/todos/page/11/favicon.ico]
[www.escoladireta.com.br/categoria/para-a-escola/page/14/index.html]
[www.escoladireta.com.br/categoria/todos/page/12/index.html]
[www.escoladireta.com.br/page/15/favicon.ico]
[www.escoladireta.com.br/categoria/todos/page/13/index.html]
[www.escoladireta.com.br/page/16/evento]
[www.escoladireta.com.br/page/17/index.html]
[www.escoladireta.com.br/page/16/mensagens]
[www.escoladireta.com.br/page/16/noticias]
[www.escoladireta.com.br/page/16/ocorrencias]
[www.escoladireta.com.br/page/16/licao-de-casa]
[www.escoladireta.com.br/page/16/material-escolar]
[www.escoladireta.com.br/page/16/mural-de-fotos]
[www.escoladireta.com.br/page/16/embarque-facil]
[www.escoladireta.com.br/page/16/catraca-eletronica]
[www.escoladireta.com.br/page/16/mensalidade]
[www.escoladireta.com.br/page/16/acompanhamento-online]
[www.escoladireta.com.br/page/16/index.html]
[www.escoladireta.com.br/page/15/evento.html]
[www.escoladireta.com.br/page/15/mensagens.html]
[www.escoladireta.com.br/page/15/noticias.html]
[www.escoladireta.com.br/page/15/ocorrencias.html]
[www.escoladireta.com.br/page/15/licao-de-casa.html]
[www.escoladireta.com.br/page/15/boletim-escolar.html]
[www.escoladireta.com.br/page/15/material-escolar.html]
[www.escoladireta.com.br/page/15/mural-de-fotos.html]
[www.escoladireta.com.br/page/15/embarque-facil.html]
[www.escoladireta.com.br/page/15/catraca-eletronica.html]
[www.escoladireta.com.br/page/15/mensalidade.html]
[www.escoladireta.com.br/page/15/acompanhamento-online.html]
[www.escoladireta.com.br/categoria/para-a-escola/page/13/favicon.ico]
[www.escoladireta.com.br/categoria/para-a-escola/page/14/index.html]
[www.escoladireta.com.br/categoria/todos/page/12/favicon.ico]
[www.escoladireta.com.br/categoria/para-a-escola/page/15/index.html]
[www.escoladireta.com.br/categoria/todos/page/13/index.html]
[www.escoladireta.com.br/page/16/favicon.ico]
[www.escoladireta.com.br/categoria/todos/page/14/index.html]
[www.escoladireta.com.br/page/17/evento]
[www.escoladireta.com.br/page/18/index.html]
[www.escoladireta.com.br/page/17/mensagens]
[www.escoladireta.com.br/page/17/noticias]
[www.escoladireta.com.br/page/17/ocorrencias]
[www.escoladireta.com.br/page/17/licao-de-casa]
[www.escoladireta.com.br/page/17/boletim-escolar]
[www.escoladireta.com.br/page/17/material-escolar]
[www.escoladireta.com.br/page/17/mural-de-fotos]
[www.escoladireta.com.br/page/17/embarque-facil]
[www.escoladireta.com.br/page/17/catraca-eletronica]
[www.escoladireta.com.br/page/17/mensalidade]
[www.escoladireta.com.br/page/17/acompanhamento-online]
[www.escoladireta.com.br/page/17/index.html]
[www.escoladireta.com.br/page/16/evento.html]
[www.escoladireta.com.br/page/16/mensagens.html]
[www.escoladireta.com.br/page/16/noticias.html]
[www.escoladireta.com.br/page/16/ocorrencias.html]
[www.escoladireta.com.br/page/16/licao-de-casa.html]
[www.escoladireta.com.br/page/16/material-escolar.html]
[www.escoladireta.com.br/page/16/mural-de-fotos.html]
[www.escoladireta.com.br/page/16/embarque-facil.html]
[www.escoladireta.com.br/page/16/catraca-eletronica.html]
[www.escoladireta.com.br/page/16/mensalidade.html]
[www.escoladireta.com.br/page/16/acompanhamento-online.html]
[www.escoladireta.com.br/categoria/para-a-escola/page/14/favicon.ico]
[www.escoladireta.com.br/categoria/para-a-escola/page/15/index.html]
[www.escoladireta.com.br/categoria/todos/page/13/favicon.ico]
[www.escoladireta.com.br/page/16/boletim-escolar]
[www.escoladireta.com.br/categoria/todos/page/14/index.html]
[www.escoladireta.com.br/page/17/favicon.ico]
[www.escoladireta.com.br/categoria/para-a-escola/page/16/index.html]
[www.escoladireta.com.br/page/18/evento]
[www.escoladireta.com.br/page/19/index.html]
[www.escoladireta.com.br/page/18/mensagens]
[www.escoladireta.com.br/page/18/noticias]
[www.escoladireta.com.br/page/18/ocorrencias]
[www.escoladireta.com.br/page/18/licao-de-casa]
[www.escoladireta.com.br/page/18/boletim-escolar]
[www.escoladireta.com.br/page/18/material-escolar]
[www.escoladireta.com.br/page/18/mural-de-fotos]
[www.escoladireta.com.br/page/18/embarque-facil]
[www.escoladireta.com.br/page/18/catraca-eletronica]
[www.escoladireta.com.br/page/18/mensalidade]
[www.escoladireta.com.br/page/18/acompanhamento-online]
[www.escoladireta.com.br/page/18/index.html]
[www.escoladireta.com.br/page/17/evento.html]
[www.escoladireta.com.br/page/17/mensagens.html]
[www.escoladireta.com.br/page/17/noticias.html]
[www.escoladireta.com.br/page/17/ocorrencias.html]
[www.escoladireta.com.br/page/17/licao-de-casa.html]
[www.escoladireta.com.br/page/17/boletim-escolar.html]
[www.escoladireta.com.br/page/17/material-escolar.html]
[www.escoladireta.com.br/page/17/mural-de-fotos.html]
[www.escoladireta.com.br/page/17/embarque-facil.html]
[www.escoladireta.com.br/page/17/catraca-eletronica.html]
[www.escoladireta.com.br/page/17/mensalidade.html]
[www.escoladireta.com.br/page/17/acompanhamento-online.html]
[www.escoladireta.com.br/page/16/boletim-escolar]
[www.escoladireta.com.br/categoria/para-a-escola/page/15/favicon.ico]
[www.escoladireta.com.br/categoria/para-a-escola/page/16/index.html]
[www.escoladireta.com.br/categoria/todos/page/14/favicon.ico]
[www.escoladireta.com.br/page/18/favicon.ico]
[www.escoladireta.com.br/categoria/todos/page/15/index.html]
[www.escoladireta.com.br/categoria/para-a-escola/page/17/index.html]
[www.escoladireta.com.br/page/19/evento]
[www.escoladireta.com.br/page/20/index.html]
[www.escoladireta.com.br/page/19/mensagens]
[www.escoladireta.com.br/page/19/noticias]
[www.escoladireta.com.br/page/19/ocorrencias]
[www.escoladireta.com.br/page/19/licao-de-casa]
[www.escoladireta.com.br/page/19/boletim-escolar]
[www.escoladireta.com.br/page/19/material-escolar]
[www.escoladireta.com.br/page/19/mural-de-fotos]
[www.escoladireta.com.br/page/19/embarque-facil]
[www.escoladireta.com.br/page/19/catraca-eletronica]
[www.escoladireta.com.br/page/19/mensalidade]
[www.escoladireta.com.br/page/19/acompanhamento-online]
[www.escoladireta.com.br/page/19/index.html]
[www.escoladireta.com.br/page/18/evento.html]
[www.escoladireta.com.br/page/18/mensagens.html]
[www.escoladireta.com.br/page/18/noticias.html]
[www.escoladireta.com.br/page/18/ocorrencias.html]
[www.escoladireta.com.br/page/18/licao-de-casa.html]
[www.escoladireta.com.br/page/18/boletim-escolar.html]
[www.escoladireta.com.br/page/18/material-escolar.html]
[www.escoladireta.com.br/page/18/mural-de-fotos.html]
[www.escoladireta.com.br/page/18/embarque-facil.html]
[www.escoladireta.com.br/page/18/catraca-eletronica.html]
[www.escoladireta.com.br/page/18/mensalidade.html]
[www.escoladireta.com.br/page/18/acompanhamento-online.html]
[www.escoladireta.com.br/categoria/para-a-escola/page/16/favicon.ico]
[www.escoladireta.com.br/categoria/para-a-escola/page/17/index.html]
[www.escoladireta.com.br/categoria/todos/page/15/index.html]
[www.escoladireta.com.br/page/19/favicon.ico]
[www.escoladireta.com.br/categoria/para-a-escola/page/18/index.html]
[www.escoladireta.com.br/page/20/evento]
[www.escoladireta.com.br/page/21/index.html]
[www.escoladireta.com.br/page/20/mensagens]
[www.escoladireta.com.br/page/20/noticias]
[www.escoladireta.com.br/page/20/ocorrencias]
[www.escoladireta.com.br/page/20/licao-de-casa]
[www.escoladireta.com.br/page/20/boletim-escolar]
[www.escoladireta.com.br/page/20/material-escolar]
[www.escoladireta.com.br/page/20/mural-de-fotos]
[www.escoladireta.com.br/page/20/embarque-facil]
[www.escoladireta.com.br/page/20/catraca-eletronica]
[www.escoladireta.com.br/page/20/mensalidade]
[www.escoladireta.com.br/page/20/acompanhamento-online]
[www.escoladireta.com.br/page/20/index.html]
[www.escoladireta.com.br/page/19/evento.html]
[www.escoladireta.com.br/page/19/mensagens.html]
[www.escoladireta.com.br/page/19/noticias.html]
[www.escoladireta.com.br/page/19/ocorrencias.html]
[www.escoladireta.com.br/page/19/licao-de-casa.html]
[www.escoladireta.com.br/page/19/boletim-escolar.html]
[www.escoladireta.com.br/page/19/material-escolar.html]
[www.escoladireta.com.br/page/19/mural-de-fotos.html]
[www.escoladireta.com.br/page/19/embarque-facil.html]
[www.escoladireta.com.br/page/19/catraca-eletronica.html]
[www.escoladireta.com.br/page/19/mensalidade.html]
[www.escoladireta.com.br/page/19/acompanhamento-online.html]
[www.escoladireta.com.br/categoria/para-a-escola/page/17/favicon.ico]
[www.escoladireta.com.br/categoria/para-a-escola/page/18/index.html]
[www.escoladireta.com.br/categoria/todos/page/15/favicon.ico]
[www.escoladireta.com.br/page/20/favicon.ico]
[www.escoladireta.com.br/categoria/para-a-escola/page/19/index.html]
[www.escoladireta.com.br/categoria/todos/page/16/index.html]
[www.escoladireta.com.br/page/21/evento]
[www.escoladireta.com.br/page/21/mensagens]
[www.escoladireta.com.br/page/21/noticias]
[www.escoladireta.com.br/page/21/ocorrencias]
[www.escoladireta.com.br/page/21/licao-de-casa]
[www.escoladireta.com.br/page/21/boletim-escolar]
[www.escoladireta.com.br/page/21/material-escolar]
[www.escoladireta.com.br/page/21/mural-de-fotos]
[www.escoladireta.com.br/page/21/embarque-facil]
[www.escoladireta.com.br/page/21/catraca-eletronica]
[www.escoladireta.com.br/page/21/mensalidade]
[www.escoladireta.com.br/page/21/acompanhamento-online]
[www.escoladireta.com.br/page/21/index.html]
[www.escoladireta.com.br/page/20/evento.html]
[www.escoladireta.com.br/page/20/mensagens.html]
[www.escoladireta.com.br/page/20/noticias.html]
[www.escoladireta.com.br/page/20/ocorrencias.html]
[www.escoladireta.com.br/page/20/licao-de-casa.html]
[www.escoladireta.com.br/page/20/boletim-escolar.html]
[www.escoladireta.com.br/page/20/material-escolar.html]
[www.escoladireta.com.br/page/20/mural-de-fotos.html]
[www.escoladireta.com.br/page/20/embarque-facil.html]
[www.escoladireta.com.br/page/20/catraca-eletronica.html]
[www.escoladireta.com.br/page/20/mensalidade.html]
[www.escoladireta.com.br/page/20/acompanhamento-online.html]
[www.escoladireta.com.br/categoria/para-a-escola/page/18/favicon.ico]
[www.escoladireta.com.br/categoria/para-a-escola/page/19/index.html]
[www.escoladireta.com.br/categoria/todos/page/16/index.html]
[www.escoladireta.com.br/page/21/favicon.ico]
[www.escoladireta.com.br/page/21/evento.html]
[www.escoladireta.com.br/page/21/mensagens.html]
[www.escoladireta.com.br/page/21/noticias.html]
[www.escoladireta.com.br/page/21/ocorrencias.html]
[www.escoladireta.com.br/page/21/licao-de-casa.html]
[www.escoladireta.com.br/page/21/boletim-escolar.html]
[www.escoladireta.com.br/page/21/material-escolar.html]
[www.escoladireta.com.br/page/21/mural-de-fotos.html]
[www.escoladireta.com.br/page/21/embarque-facil.html]
[www.escoladireta.com.br/page/21/catraca-eletronica.html]
[www.escoladireta.com.br/page/21/mensalidade.html]
[www.escoladireta.com.br/page/21/acompanhamento-online.html]
[www.escoladireta.com.br/categoria/para-a-escola/page/19/favicon.ico]
[www.escoladireta.com.br/categoria/todos/page/16/favicon.ico]
